<?xml version="1.0" encoding="UTF-8"?>
<!-- Generated by org.testng.reporters.JUnitReportReporter -->
<testsuite skipped="0" hostname="DESKTOP-ACJNCVM" name="testng.FirstTest" tests="1" failures="0" timestamp="16 Sep 2020 09:43:35 GMT" time="0.000" errors="0">
  <testcase name="firstmethod" time="0.000" classname="testng.FirstTest"/>
</testsuite> <!-- testng.FirstTest -->
