<?xml version="1.0" encoding="UTF-8"?>
<!-- Generated by org.testng.reporters.JUnitReportReporter -->
<testsuite skipped="0" hostname="DESKTOP-ACJNCVM" name="testng.SecondTest" tests="1" failures="0" timestamp="16 Sep 2020 09:43:35 GMT" time="17.374" errors="0">
  <testcase name="secondmethod" time="17.374" classname="testng.SecondTest"/>
</testsuite> <!-- testng.SecondTest -->
